<?xml version="1.0" encoding="UTF-8"?>
<!-- Generated by org.testng.reporters.JUnitReportReporter -->
<testsuite skipped="0" hostname="welcome-PC" name="PDFReaderTest" tests="1" failures="0" timestamp="29 Jun 2019 19:13:32 GMT" time="26.545" errors="0">
  <testcase name="readPDFTest" time="26.545" classname="PDFReaderTest"/>
</testsuite> <!-- PDFReaderTest -->
