<?xml version="1.0" encoding="UTF-8"?>
<!-- Generated by org.testng.reporters.JUnitReportReporter -->
<testsuite skipped="0" hostname="welcome-PC" name="PDFReaderFromFolder" tests="1" failures="0" timestamp="29 Jun 2019 20:53:44 GMT" time="6.628" errors="0">
  <testcase name="readPDFTest" time="6.628" classname="PDFReaderFromFolder"/>
</testsuite> <!-- PDFReaderFromFolder -->
